<?xml version="1.0" encoding="UTF-8"?>
<!-- Generated by org.testng.reporters.JUnitReportReporter -->
<testsuite hostname="Lenovo-PC" failures="0" tests="1" name="amazon.mobile.AppTest.AmazonAppTests" time="411.289" errors="0" timestamp="28 Jun 2020 19:49:57 GMT" skipped="0">
  <testcase classname="amazon.mobile.AppTest.AmazonAppTests" name="TC01AddToCartAndVerify" time="411.289"/>
</testsuite> <!-- amazon.mobile.AppTest.AmazonAppTests -->
